This is pdfTeX, Version 3.141592653-2.6-1.40.25 (MiKTeX 24.1) (preloaded format=pdflatex 2025.9.7)  30 SEP 2025 18:45
entering extended mode
 restricted \write18 enabled.
 %&-line parsing enabled.
**./conference_101719.tex
(conference_101719.tex
LaTeX2e <2023-11-01> patch level 1
L3 programming layer <2024-01-04>
(IEEEtran.cls
Document Class: IEEEtran 2015/08/26 V1.8b by Michael Shell
-- See the "IEEEtran_HOWTO" manual for usage information.
-- http://www.michaelshell.org/tex/ieeetran/
\@IEEEtrantmpdimenA=\dimen140
\@IEEEtrantmpdimenB=\dimen141
\@IEEEtrantmpdimenC=\dimen142
\@IEEEtrantmpcountA=\count187
\@IEEEtrantmpcountB=\count188
\@IEEEtrantmpcountC=\count189
\@IEEEtrantmptoksA=\toks17
LaTeX Font Info:    Trying to load font information for OT1+ptm on input line 5
03.
(C:\Users\adnto\AppData\Local\Programs\MiKTeX\tex/latex/psnfss\ot1ptm.fd
File: ot1ptm.fd 2001/06/04 font definitions for OT1/ptm.
)
-- Using 8.5in x 11in (letter) paper.
-- Using PDF output.
\@IEEEnormalsizeunitybaselineskip=\dimen143
-- This is a 10 point document.
\CLASSINFOnormalsizebaselineskip=\dimen144
\CLASSINFOnormalsizeunitybaselineskip=\dimen145
\IEEEnormaljot=\dimen146
LaTeX Font Info:    Font shape `OT1/ptm/bx/n' in size <5> not available
(Font)              Font shape `OT1/ptm/b/n' tried instead on input line 1090.
LaTeX Font Info:    Font shape `OT1/ptm/bx/it' in size <5> not available
(Font)              Font shape `OT1/ptm/b/it' tried instead on input line 1090.

LaTeX Font Info:    Font shape `OT1/ptm/bx/n' in size <7> not available
(Font)              Font shape `OT1/ptm/b/n' tried instead on input line 1090.
LaTeX Font Info:    Font shape `OT1/ptm/bx/it' in size <7> not available
(Font)              Font shape `OT1/ptm/b/it' tried instead on input line 1090.

LaTeX Font Info:    Font shape `OT1/ptm/bx/n' in size <8> not available
(Font)              Font shape `OT1/ptm/b/n' tried instead on input line 1090.
LaTeX Font Info:    Font shape `OT1/ptm/bx/it' in size <8> not available
(Font)              Font shape `OT1/ptm/b/it' tried instead on input line 1090.

LaTeX Font Info:    Font shape `OT1/ptm/bx/n' in size <9> not available
(Font)              Font shape `OT1/ptm/b/n' tried instead on input line 1090.
LaTeX Font Info:    Font shape `OT1/ptm/bx/it' in size <9> not available
(Font)              Font shape `OT1/ptm/b/it' tried instead on input line 1090.

LaTeX Font Info:    Font shape `OT1/ptm/bx/n' in size <10> not available
(Font)              Font shape `OT1/ptm/b/n' tried instead on input line 1090.
LaTeX Font Info:    Font shape `OT1/ptm/bx/it' in size <10> not available
(Font)              Font shape `OT1/ptm/b/it' tried instead on input line 1090.

LaTeX Font Info:    Font shape `OT1/ptm/bx/n' in size <11> not available
(Font)              Font shape `OT1/ptm/b/n' tried instead on input line 1090.
LaTeX Font Info:    Font shape `OT1/ptm/bx/it' in size <11> not available
(Font)              Font shape `OT1/ptm/b/it' tried instead on input line 1090.

LaTeX Font Info:    Font shape `OT1/ptm/bx/n' in size <12> not available
(Font)              Font shape `OT1/ptm/b/n' tried instead on input line 1090.
LaTeX Font Info:    Font shape `OT1/ptm/bx/it' in size <12> not available
(Font)              Font shape `OT1/ptm/b/it' tried instead on input line 1090.

LaTeX Font Info:    Font shape `OT1/ptm/bx/n' in size <17> not available
(Font)              Font shape `OT1/ptm/b/n' tried instead on input line 1090.
LaTeX Font Info:    Font shape `OT1/ptm/bx/it' in size <17> not available
(Font)              Font shape `OT1/ptm/b/it' tried instead on input line 1090.

LaTeX Font Info:    Font shape `OT1/ptm/bx/n' in size <20> not available
(Font)              Font shape `OT1/ptm/b/n' tried instead on input line 1090.
LaTeX Font Info:    Font shape `OT1/ptm/bx/it' in size <20> not available
(Font)              Font shape `OT1/ptm/b/it' tried instead on input line 1090.

LaTeX Font Info:    Font shape `OT1/ptm/bx/n' in size <24> not available
(Font)              Font shape `OT1/ptm/b/n' tried instead on input line 1090.
LaTeX Font Info:    Font shape `OT1/ptm/bx/it' in size <24> not available
(Font)              Font shape `OT1/ptm/b/it' tried instead on input line 1090.

\IEEEquantizedlength=\dimen147
\IEEEquantizedlengthdiff=\dimen148
\IEEEquantizedtextheightdiff=\dimen149
\IEEEilabelindentA=\dimen150
\IEEEilabelindentB=\dimen151
\IEEEilabelindent=\dimen152
\IEEEelabelindent=\dimen153
\IEEEdlabelindent=\dimen154
\IEEElabelindent=\dimen155
\IEEEiednormlabelsep=\dimen156
\IEEEiedmathlabelsep=\dimen157
\IEEEiedtopsep=\skip48
\c@section=\count190
\c@subsection=\count191
\c@subsubsection=\count192
\c@paragraph=\count193
\c@IEEEsubequation=\count194
\abovecaptionskip=\skip49
\belowcaptionskip=\skip50
\c@figure=\count195
\c@table=\count196
\@IEEEeqnnumcols=\count197
\@IEEEeqncolcnt=\count198
\@IEEEsubeqnnumrollback=\count199
\@IEEEquantizeheightA=\dimen158
\@IEEEquantizeheightB=\dimen159
\@IEEEquantizeheightC=\dimen160
\@IEEEquantizeprevdepth=\dimen161
\@IEEEquantizemultiple=\count266
\@IEEEquantizeboxA=\box51
\@IEEEtmpitemindent=\dimen162
\IEEEPARstartletwidth=\dimen163
\c@IEEEbiography=\count267
\@IEEEtranrubishbin=\box52
)
** ATTENTION: Overriding command lockouts (line 2).
(C:\Users\adnto\AppData\Local\Programs\MiKTeX\tex/latex/cite\cite.sty
LaTeX Info: Redefining \cite on input line 302.
LaTeX Info: Redefining \nocite on input line 332.
Package: cite 2015/02/27  v 5.5
)
(C:\Users\adnto\AppData\Local\Programs\MiKTeX\tex/latex/amsmath\amsmath.sty
Package: amsmath 2023/05/13 v2.17o AMS math features
\@mathmargin=\skip51

For additional information on amsmath, use the `?' option.
(C:\Users\adnto\AppData\Local\Programs\MiKTeX\tex/latex/amsmath\amstext.sty
Package: amstext 2021/08/26 v2.01 AMS text

(C:\Users\adnto\AppData\Local\Programs\MiKTeX\tex/latex/amsmath\amsgen.sty
File: amsgen.sty 1999/11/30 v2.0 generic functions
\@emptytoks=\toks18
\ex@=\dimen164
))
(C:\Users\adnto\AppData\Local\Programs\MiKTeX\tex/latex/amsmath\amsbsy.sty
Package: amsbsy 1999/11/29 v1.2d Bold Symbols
\pmbraise@=\dimen165
)
(C:\Users\adnto\AppData\Local\Programs\MiKTeX\tex/latex/amsmath\amsopn.sty
Package: amsopn 2022/04/08 v2.04 operator names
)
\inf@bad=\count268
LaTeX Info: Redefining \frac on input line 234.
\uproot@=\count269
\leftroot@=\count270
LaTeX Info: Redefining \overline on input line 399.
LaTeX Info: Redefining \colon on input line 410.
\classnum@=\count271
\DOTSCASE@=\count272
LaTeX Info: Redefining \ldots on input line 496.
LaTeX Info: Redefining \dots on input line 499.
LaTeX Info: Redefining \cdots on input line 620.
\Mathstrutbox@=\box53
\strutbox@=\box54
LaTeX Info: Redefining \big on input line 722.
LaTeX Info: Redefining \Big on input line 723.
LaTeX Info: Redefining \bigg on input line 724.
LaTeX Info: Redefining \Bigg on input line 725.
\big@size=\dimen166
LaTeX Font Info:    Redeclaring font encoding OML on input line 743.
LaTeX Font Info:    Redeclaring font encoding OMS on input line 744.
\macc@depth=\count273
LaTeX Info: Redefining \bmod on input line 905.
LaTeX Info: Redefining \pmod on input line 910.
LaTeX Info: Redefining \smash on input line 940.
LaTeX Info: Redefining \relbar on input line 970.
LaTeX Info: Redefining \Relbar on input line 971.
\c@MaxMatrixCols=\count274
\dotsspace@=\muskip16
\c@parentequation=\count275
\dspbrk@lvl=\count276
\tag@help=\toks19
\row@=\count277
\column@=\count278
\maxfields@=\count279
\andhelp@=\toks20
\eqnshift@=\dimen167
\alignsep@=\dimen168
\tagshift@=\dimen169
\tagwidth@=\dimen170
\totwidth@=\dimen171
\lineht@=\dimen172
\@envbody=\toks21
\multlinegap=\skip52
\multlinetaggap=\skip53
\mathdisplay@stack=\toks22
LaTeX Info: Redefining \[ on input line 2953.
LaTeX Info: Redefining \] on input line 2954.
)
(C:\Users\adnto\AppData\Local\Programs\MiKTeX\tex/latex/amsfonts\amssymb.sty
Package: amssymb 2013/01/14 v3.01 AMS font symbols

(C:\Users\adnto\AppData\Local\Programs\MiKTeX\tex/latex/amsfonts\amsfonts.sty
Package: amsfonts 2013/01/14 v3.01 Basic AMSFonts support
\symAMSa=\mathgroup4
\symAMSb=\mathgroup5
LaTeX Font Info:    Redeclaring math symbol \hbar on input line 98.
LaTeX Font Info:    Overwriting math alphabet `\mathfrak' in version `bold'
(Font)                  U/euf/m/n --> U/euf/b/n on input line 106.
))
(C:\Users\adnto\AppData\Local\Programs\MiKTeX\tex/latex/algorithms\algorithmic.
sty
Package: algorithmic 2009/08/24 v0.1 Document Style `algorithmic'
 (C:\Users\adnto\AppData\Local\Programs\MiKTeX\tex/latex/base\ifthen.sty
Package: ifthen 2022/04/13 v1.1d Standard LaTeX ifthen package (DPC)
)
(C:\Users\adnto\AppData\Local\Programs\MiKTeX\tex/latex/graphics\keyval.sty
Package: keyval 2022/05/29 v1.15 key=value parser (DPC)
\KV@toks@=\toks23
)
\c@ALC@unique=\count280
\c@ALC@line=\count281
\c@ALC@rem=\count282
\c@ALC@depth=\count283
\ALC@tlm=\skip54
\algorithmicindent=\skip55
)
(C:\Users\adnto\AppData\Local\Programs\MiKTeX\tex/latex/graphics\graphicx.sty
Package: graphicx 2021/09/16 v1.2d Enhanced LaTeX Graphics (DPC,SPQR)

(C:\Users\adnto\AppData\Local\Programs\MiKTeX\tex/latex/graphics\graphics.sty
Package: graphics 2022/03/10 v1.4e Standard LaTeX Graphics (DPC,SPQR)

(C:\Users\adnto\AppData\Local\Programs\MiKTeX\tex/latex/graphics\trig.sty
Package: trig 2021/08/11 v1.11 sin cos tan (DPC)
)
(C:\Users\adnto\AppData\Local\Programs\MiKTeX\tex/latex/graphics-cfg\graphics.c
fg
File: graphics.cfg 2016/06/04 v1.11 sample graphics configuration
)
Package graphics Info: Driver file: pdftex.def on input line 107.

(C:\Users\adnto\AppData\Local\Programs\MiKTeX\tex/latex/graphics-def\pdftex.def
File: pdftex.def 2022/09/22 v1.2b Graphics/color driver for pdftex
))
\Gin@req@height=\dimen173
\Gin@req@width=\dimen174
) (C:\Users\adnto\AppData\Local\Programs\MiKTeX\tex/latex/base\textcomp.sty
Package: textcomp 2020/02/02 v2.0n Standard LaTeX package
)
(C:\Users\adnto\AppData\Local\Programs\MiKTeX\tex/latex/xcolor\xcolor.sty
Package: xcolor 2023/11/15 v3.01 LaTeX color extensions (UK)

(C:\Users\adnto\AppData\Local\Programs\MiKTeX\tex/latex/graphics-cfg\color.cfg
File: color.cfg 2016/01/02 v1.6 sample color configuration
)
Package xcolor Info: Driver file: pdftex.def on input line 274.
(C:\Users\adnto\AppData\Local\Programs\MiKTeX\tex/latex/graphics\mathcolor.ltx)
Package xcolor Info: Model `cmy' substituted by `cmy0' on input line 1350.
Package xcolor Info: Model `hsb' substituted by `rgb' on input line 1354.
Package xcolor Info: Model `RGB' extended on input line 1366.
Package xcolor Info: Model `HTML' substituted by `rgb' on input line 1368.
Package xcolor Info: Model `Hsb' substituted by `hsb' on input line 1369.
Package xcolor Info: Model `tHsb' substituted by `hsb' on input line 1370.
Package xcolor Info: Model `HSB' substituted by `hsb' on input line 1371.
Package xcolor Info: Model `Gray' substituted by `gray' on input line 1372.
Package xcolor Info: Model `wave' substituted by `hsb' on input line 1373.
) (C:\Users\adnto\AppData\Local\Programs\MiKTeX\tex/latex/url\url.sty
\Urlmuskip=\muskip17
Package: url 2013/09/16  ver 3.4  Verb mode for urls, etc.
)
(C:\Users\adnto\AppData\Local\Programs\MiKTeX\tex/latex/subfigure\subfigure.sty
Package: subfigure 2002/07/30 v2.1.4 subfigure package
\subfigtopskip=\skip56
\subfigcapskip=\skip57
\subfigcaptopadj=\dimen175
\subfigbottomskip=\skip58
\subfigcapmargin=\dimen176
\subfiglabelskip=\skip59
\c@subfigure=\count284
\c@lofdepth=\count285
\c@subtable=\count286
\c@lotdepth=\count287
****************************************
* Local config file subfigure.cfg used *
****************************************

(C:\Users\adnto\AppData\Local\Programs\MiKTeX\tex/latex/subfigure\subfigure.cfg
)
\subfig@top=\skip60
\subfig@bottom=\skip61
) (C:\Users\adnto\AppData\Local\Programs\MiKTeX\tex/generic/soul\soul.sty
Package: soul 2023-06-14 v3.1 Permit use of UTF-8 characters in soul (HO)

(C:\Users\adnto\AppData\Local\Programs\MiKTeX\tex/generic/soul\soul-ori.sty
Package: soul-ori 2023-06-14 v3.1 letterspacing/underlining (mf)
\SOUL@word=\toks24
\SOUL@lasttoken=\toks25
\SOUL@syllable=\toks26
\SOUL@cmds=\toks27
\SOUL@buffer=\toks28
\SOUL@token=\toks29
\SOUL@syllgoal=\dimen177
\SOUL@syllwidth=\dimen178
\SOUL@charkern=\dimen179
\SOUL@hyphkern=\dimen180
\SOUL@dimen=\dimen181
\SOUL@dimeni=\dimen182
\SOUL@minus=\count288
\SOUL@comma=\count289
\SOUL@apo=\count290
\SOUL@grave=\count291
\SOUL@spaceskip=\skip62
\SOUL@ttwidth=\dimen183
\SOUL@uldp=\dimen184
\SOUL@ulht=\dimen185
)
(C:\Users\adnto\AppData\Local\Programs\MiKTeX\tex/generic/infwarerr\infwarerr.s
ty
Package: infwarerr 2019/12/03 v1.5 Providing info/warning/error messages (HO)
)
(C:\Users\adnto\AppData\Local\Programs\MiKTeX\tex/generic/etexcmds\etexcmds.sty
Package: etexcmds 2019/12/15 v1.7 Avoid name clashes with e-TeX commands (HO)
(C:\Users\adnto\AppData\Local\Programs\MiKTeX\tex/generic/iftex\iftex.sty
Package: iftex 2022/02/03 v1.0f TeX engine tests
)))
(C:\Users\adnto\AppData\Local\Programs\MiKTeX\tex/latex/l3backend\l3backend-pdf
tex.def
File: l3backend-pdftex.def 2024-01-04 L3 backend support: PDF output (pdfTeX)
\l__color_backend_stack_int=\count292
\l__pdf_internal_box=\box55
) (conference_101719.aux)
\openout1 = `conference_101719.aux'.

LaTeX Font Info:    Checking defaults for OML/cmm/m/it on input line 20.
LaTeX Font Info:    ... okay on input line 20.
LaTeX Font Info:    Checking defaults for OMS/cmsy/m/n on input line 20.
LaTeX Font Info:    ... okay on input line 20.
LaTeX Font Info:    Checking defaults for OT1/cmr/m/n on input line 20.
LaTeX Font Info:    ... okay on input line 20.
LaTeX Font Info:    Checking defaults for T1/cmr/m/n on input line 20.
LaTeX Font Info:    ... okay on input line 20.
LaTeX Font Info:    Checking defaults for TS1/cmr/m/n on input line 20.
LaTeX Font Info:    ... okay on input line 20.
LaTeX Font Info:    Checking defaults for OMX/cmex/m/n on input line 20.
LaTeX Font Info:    ... okay on input line 20.
LaTeX Font Info:    Checking defaults for U/cmr/m/n on input line 20.
LaTeX Font Info:    ... okay on input line 20.

-- Lines per column: 56 (exact).

(C:\Users\adnto\AppData\Local\Programs\MiKTeX\tex/context/base/mkii\supp-pdf.mk
ii
[Loading MPS to PDF converter (version 2006.09.02).]
\scratchcounter=\count293
\scratchdimen=\dimen186
\scratchbox=\box56
\nofMPsegments=\count294
\nofMParguments=\count295
\everyMPshowfont=\toks30
\MPscratchCnt=\count296
\MPscratchDim=\dimen187
\MPnumerator=\count297
\makeMPintoPDFobject=\count298
\everyMPtoPDFconversion=\toks31
)
(C:\Users\adnto\AppData\Local\Programs\MiKTeX\tex/latex/epstopdf-pkg\epstopdf-b
ase.sty
Package: epstopdf-base 2020-01-24 v2.11 Base part for package epstopdf
Package epstopdf-base Info: Redefining graphics rule for `.eps' on input line 4
85.

(C:\Users\adnto\AppData\Local\Programs\MiKTeX\tex/latex/00miktex\epstopdf-sys.c
fg
File: epstopdf-sys.cfg 2021/03/18 v2.0 Configuration of epstopdf for MiKTeX
))
LaTeX Font Info:    Calculating math sizes for size <11> on input line 68.
LaTeX Font Info:    Trying to load font information for U+msa on input line 68.

 (C:\Users\adnto\AppData\Local\Programs\MiKTeX\tex/latex/amsfonts\umsa.fd
File: umsa.fd 2013/01/14 v3.01 AMS symbols A
)
LaTeX Font Info:    Trying to load font information for U+msb on input line 68.


(C:\Users\adnto\AppData\Local\Programs\MiKTeX\tex/latex/amsfonts\umsb.fd
File: umsb.fd 2013/01/14 v3.01 AMS symbols B
)
<fig1.jpg, id=1, 389.65575pt x 483.60675pt>
File: fig1.jpg Graphic file (type jpg)
<use fig1.jpg>
Package pdftex.def Info: fig1.jpg  used on input line 97.
(pdftex.def)             Requested size: 252.0pt x 312.76888pt.

Underfull \hbox (badness 4366) in paragraph at lines 104--105
\OT1/ptm/m/n/10 una pr[]actica com[]un en co-mu-nidades ru-rales y zonas
 []

[1{C:/Users/adnto/AppData/Local/MiKTeX/fonts/map/pdftex/pdftex.map}{C:/Users/ad
nto/AppData/Local/Programs/MiKTeX/fonts/enc/dvips/base/8r.enc}


]
<fig2.jpg, id=10, 672.111pt x 415.5525pt>
File: fig2.jpg Graphic file (type jpg)
<use fig2.jpg>
Package pdftex.def Info: fig2.jpg  used on input line 113.
(pdftex.def)             Requested size: 252.0pt x 155.80644pt.

Underfull \hbox (badness 1412) in paragraph at lines 127--128
[]\OT1/ptm/m/n/10 Brindar sim-pli-ci-dad de op-eraci[]on, sin necesi-dad de
 []

<fig3.jpg, id=11, 614.89725pt x 401.70074pt>
File: fig3.jpg Graphic file (type jpg)
<use fig3.jpg>
Package pdftex.def Info: fig3.jpg  used on input line 153.
(pdftex.def)             Requested size: 252.0pt x 164.6248pt.
[2 <./fig1.jpg> <./fig2.jpg>]
<fig4.jpg, id=16, 675.7245pt x 479.99326pt>
File: fig4.jpg Graphic file (type jpg)
<use fig4.jpg>
Package pdftex.def Info: fig4.jpg  used on input line 193.
(pdftex.def)             Requested size: 252.0pt x 179.00095pt.
 [3 <./fig3.jpg> <./fig4.jpg>]
<fig5_1.jpg, id=25, 1091.87926pt x 319.1925pt>
File: fig5_1.jpg Graphic file (type jpg)
<use fig5_1.jpg>
Package pdftex.def Info: fig5_1.jpg  used on input line 286.
(pdftex.def)             Requested size: 252.0pt x 73.66599pt.
<fig5_2.jpg, id=26, 1072.60725pt x 239.09325pt>
File: fig5_2.jpg Graphic file (type jpg)
<use fig5_2.jpg>
Package pdftex.def Info: fig5_2.jpg  used on input line 293.
(pdftex.def)             Requested size: 252.0pt x 56.17232pt.
<fig5_3.jpg, id=27, 1091.277pt x 238.491pt>
File: fig5_3.jpg Graphic file (type jpg)
<use fig5_3.jpg>
Package pdftex.def Info: fig5_3.jpg  used on input line 300.
(pdftex.def)             Requested size: 252.0pt x 55.07011pt.
<fig5_4.jpg, id=28, 1102.71976pt x 224.63925pt>
File: fig5_4.jpg Graphic file (type jpg)
<use fig5_4.jpg>
Package pdftex.def Info: fig5_4.jpg  used on input line 307.
(pdftex.def)             Requested size: 252.0pt x 51.33344pt.
<fig5_5.jpg, id=29, 1075.01625pt x 236.082pt>
File: fig5_5.jpg Graphic file (type jpg)
<use fig5_5.jpg>
Package pdftex.def Info: fig5_5.jpg  used on input line 314.
(pdftex.def)             Requested size: 252.0pt x 55.33878pt.
<fig5_6.jpg, id=30, 995.51926pt x 203.5605pt>
File: fig5_6.jpg Graphic file (type jpg)
<use fig5_6.jpg>
Package pdftex.def Info: fig5_6.jpg  used on input line 321.
(pdftex.def)             Requested size: 252.0pt x 51.52673pt.
<fig5_7.jpg, id=31, 1088.868pt x 211.992pt>
File: fig5_7.jpg Graphic file (type jpg)
<use fig5_7.jpg>
Package pdftex.def Info: fig5_7.jpg  used on input line 328.
(pdftex.def)             Requested size: 252.0pt x 49.06119pt.
<fig6.jpg, id=32, 575.751pt x 445.665pt>
File: fig6.jpg Graphic file (type jpg)
<use fig6.jpg>
Package pdftex.def Info: fig6.jpg  used on input line 345.
(pdftex.def)             Requested size: 226.79846pt x 175.55632pt.
 [4 <./fig5_1.jpg> <./fig5_2.jpg> <./fig5_3.jpg> <./fig5_4.jpg> <./fig5_5.jpg> 
<./fig5_6.jpg> <./fig5_7.jpg>]
<fig7.jpg, id=36, 744.98325pt x 428.19975pt>
File: fig7.jpg Graphic file (type jpg)
<use fig7.jpg>
Package pdftex.def Info: fig7.jpg  used on input line 364.
(pdftex.def)             Requested size: 252.0pt x 144.84113pt.
<fig8.jpg, id=37, 359.54324pt x 1103.322pt>
File: fig8.jpg Graphic file (type jpg)
<use fig8.jpg>
Package pdftex.def Info: fig8.jpg  used on input line 373.
(pdftex.def)             Requested size: 151.20154pt x 463.99815pt.
<fig9.jpg, id=38, 820.2645pt x 471.56175pt>
File: fig9.jpg Graphic file (type jpg)
<use fig9.jpg>
Package pdftex.def Info: fig9.jpg  used on input line 382.
(pdftex.def)             Requested size: 151.20154pt x 86.92094pt.
 [5 <./fig6.jpg> <./fig7.jpg>] [6 <./fig8.jpg> <./fig9.jpg>]
<fig10.jpg, id=45, 778.70924pt x 503.481pt>
File: fig10.jpg Graphic file (type jpg)
<use fig10.jpg>
Package pdftex.def Info: fig10.jpg  used on input line 429.
(pdftex.def)             Requested size: 201.60077pt x 130.34114pt.
<fig11.jpg, id=46, 548.64975pt x 489.027pt>
File: fig11.jpg Graphic file (type jpg)
<use fig11.jpg>
Package pdftex.def Info: fig11.jpg  used on input line 438.
(pdftex.def)             Requested size: 201.60077pt x 179.691pt.
<fig12.jpg, id=47, 760.64175pt x 410.13225pt>
File: fig12.jpg Graphic file (type jpg)
<use fig12.jpg>
Package pdftex.def Info: fig12.jpg  used on input line 461.
(pdftex.def)             Requested size: 226.79846pt x 122.28964pt.
<fig13.jpg, id=48, 860.013pt x 531.1845pt>
File: fig13.jpg Graphic file (type jpg)
<use fig13.jpg>
Package pdftex.def Info: fig13.jpg  used on input line 471.
(pdftex.def)             Requested size: 201.60077pt x 124.51227pt.
 [7 <./fig10.jpg> <./fig11.jpg> <./fig12.jpg>]
<fig14.jpg, id=53, 857.00175pt x 384.2355pt>
File: fig14.jpg Graphic file (type jpg)
<use fig14.jpg>
Package pdftex.def Info: fig14.jpg  used on input line 482.
(pdftex.def)             Requested size: 201.60077pt x 90.38329pt.
<fig15.jpg, id=54, 741.972pt x 534.798pt>
File: fig15.jpg Graphic file (type jpg)
<use fig15.jpg>
Package pdftex.def Info: fig15.jpg  used on input line 491.
(pdftex.def)             Requested size: 201.60077pt x 145.30318pt.
<fig16.png, id=55, 436.63126pt x 483.60675pt>
File: fig16.png Graphic file (type png)
<use fig16.png>
Package pdftex.def Info: fig16.png  used on input line 502.
(pdftex.def)             Requested size: 226.79846pt x 251.19653pt.
 [8 <./fig13.jpg> <./fig14.jpg> <./fig15.jpg> <./fig16.png>]
<fig17.png, id=61, 540.8205pt x 362.5545pt>
File: fig17.png Graphic file (type png)
<use fig17.png>
Package pdftex.def Info: fig17.png  used on input line 515.
(pdftex.def)             Requested size: 226.79846pt x 152.0395pt.
<fig18.png, id=62, 536.0025pt x 410.7345pt>
File: fig18.png Graphic file (type png)
<use fig18.png>
Package pdftex.def Info: fig18.png  used on input line 524.
(pdftex.def)             Requested size: 226.79846pt x 173.7921pt.
<fig19.png, id=63, 542.025pt x 284.262pt>
File: fig19.png Graphic file (type png)
<use fig19.png>
Package pdftex.def Info: fig19.png  used on input line 533.
(pdftex.def)             Requested size: 226.79846pt x 118.94246pt.
<fig20.png, id=64, 564.30824pt x 479.99326pt>
File: fig20.png Graphic file (type png)
<use fig20.png>
Package pdftex.def Info: fig20.png  used on input line 546.
(pdftex.def)             Requested size: 201.60077pt x 171.4791pt.
 [9 <./fig17.png> <./fig18.png> <./fig19.png>]
<tabla01.jpg, id=71, 677.53125pt x 448.67625pt>
File: tabla01.jpg Graphic file (type jpg)
<use tabla01.jpg>
Package pdftex.def Info: tabla01.jpg  used on input line 581.
(pdftex.def)             Requested size: 258.0pt x 170.85475pt.

Overfull \hbox (6.0pt too wide) in paragraph at lines 581--583
 [][] 
 []


LaTeX Warning: `h' float specifier changed to `ht'.

<fig21.jpg, id=72, 380.622pt x 446.8695pt>
File: fig21.jpg Graphic file (type jpg)
<use fig21.jpg>
Package pdftex.def Info: fig21.jpg  used on input line 597.
(pdftex.def)             Requested size: 201.60077pt x 236.69652pt.
[10 <./fig20.png> <./tabla01.jpg> <./fig21.jpg>]
<tabla2.jpg, id=77, 886.512pt x 326.4195pt>
File: tabla2.jpg Graphic file (type jpg)
<use tabla2.jpg>
Package pdftex.def Info: tabla2.jpg  used on input line 614.
(pdftex.def)             Requested size: 258.0pt x 94.99791pt.

Overfull \hbox (6.0pt too wide) in paragraph at lines 614--616
 [][] 
 []

<tabla3.jpg, id=78, 648.62325pt x 295.70474pt>
File: tabla3.jpg Graphic file (type jpg)
<use tabla3.jpg>
Package pdftex.def Info: tabla3.jpg  used on input line 625.
(pdftex.def)             Requested size: 258.0pt x 117.62553pt.

Overfull \hbox (6.0pt too wide) in paragraph at lines 625--626
 [][] 
 []

<tabla4.jpg, id=79, 669.702pt x 302.3295pt>
File: tabla4.jpg Graphic file (type jpg)
<use tabla4.jpg>
Package pdftex.def Info: tabla4.jpg  used on input line 632.
(pdftex.def)             Requested size: 258.0pt x 116.47333pt.

Overfull \hbox (6.0pt too wide) in paragraph at lines 632--633
 [][] 
 []


LaTeX Warning: `h' float specifier changed to `ht'.

<tabla5.jpg, id=80, 696.201pt x 310.761pt>
File: tabla5.jpg Graphic file (type jpg)
<use tabla5.jpg>
Package pdftex.def Info: tabla5.jpg  used on input line 639.
(pdftex.def)             Requested size: 258.0pt x 115.15996pt.

Overfull \hbox (6.0pt too wide) in paragraph at lines 639--640
 [][] 
 []


LaTeX Warning: `h' float specifier changed to `ht'.

LaTeX Font Info:    Trying to load font information for TS1+ptm on input line 6
51.
(C:\Users\adnto\AppData\Local\Programs\MiKTeX\tex/latex/psnfss\ts1ptm.fd
File: ts1ptm.fd 2001/06/04 font definitions for TS1/ptm.
)
[11 <./tabla2.jpg> <./tabla3.jpg> <./tabla4.jpg> <./tabla5.jpg>]
<fig22.jpg, id=84, 639.5895pt x 522.15076pt>
File: fig22.jpg Graphic file (type jpg)
<use fig22.jpg>
Package pdftex.def Info: fig22.jpg  used on input line 670.
(pdftex.def)             Requested size: 252.0pt x 205.72542pt.
<fig23.jpg, id=85, 617.9085pt x 414.348pt>
File: fig23.jpg Graphic file (type jpg)
<use fig23.jpg>
Package pdftex.def Info: fig23.jpg  used on input line 677.
(pdftex.def)             Requested size: 252.0pt x 168.97966pt.

Underfull \hbox (badness 2096) in paragraph at lines 687--688
[]\OT1/ptm/m/n/10 Escalabilidad: el sis-tema ac-tual est[]a dise[]nado para
 []


Underfull \hbox (badness 1852) in paragraph at lines 692--693
[]\OT1/ptm/m/n/10 El de-sar-rollo del sis-tema em-be-bido para clar-i-fi-caci[]
on
 []


Underfull \hbox (badness 4341) in paragraph at lines 709--710
\OT1/ptm/m/n/8 Julio 26, 2017. [En l[]^^Pnea]. Disponible en: $https : / / agua
 . org . mx /
 []

[12 <./fig22.jpg> <./fig23.jpg>]

** Conference Paper **
Before submitting the final camera ready copy, remember to:

 1. Manually equalize the lengths of two columns on the last page
 of your paper;

 2. Ensure that any PostScript and/or PDF output post-processing
 uses only Type 1 fonts and that every step in the generation
 process uses the appropriate paper size.

[13

] (conference_101719.aux)
 ***********
LaTeX2e <2023-11-01> patch level 1
L3 programming layer <2024-01-04>
 ***********
 ) 
Here is how much of TeX's memory you used:
 5159 strings out of 474485
 81844 string characters out of 5743735
 1946542 words of memory out of 5000000
 27377 multiletter control sequences out of 15000+600000
 601756 words of font info for 125 fonts, out of 8000000 for 9000
 1141 hyphenation exceptions out of 8191
 57i,11n,65p,924b,345s stack positions out of 10000i,1000n,20000p,200000b,200000s
<C:/Users/adnto/AppData/Local/Programs/MiKTeX/fonts/type1/public/amsfonts/cm/
cmmi10.pfb><C:/Users/adnto/AppData/Local/Programs/MiKTeX/fonts/type1/public/ams
fonts/cm/cmmi7.pfb><C:/Users/adnto/AppData/Local/Programs/MiKTeX/fonts/type1/pu
blic/amsfonts/cm/cmr10.pfb><C:/Users/adnto/AppData/Local/Programs/MiKTeX/fonts/
type1/public/amsfonts/cm/cmr7.pfb><C:/Users/adnto/AppData/Local/Programs/MiKTeX
/fonts/type1/public/amsfonts/cm/cmsy10.pfb><C:/Users/adnto/AppData/Local/Progra
ms/MiKTeX/fonts/type1/public/amsfonts/cm/cmsy7.pfb><C:/Users/adnto/AppData/Loca
l/Programs/MiKTeX/fonts/type1/urw/times/utmb8a.pfb><C:/Users/adnto/AppData/Loca
l/Programs/MiKTeX/fonts/type1/urw/times/utmbi8a.pfb><C:/Users/adnto/AppData/Loc
al/Programs/MiKTeX/fonts/type1/urw/times/utmr8a.pfb><C:/Users/adnto/AppData/Loc
al/Programs/MiKTeX/fonts/type1/urw/times/utmri8a.pfb>
Output written on conference_101719.pdf (13 pages, 4132770 bytes).
PDF statistics:
 136 PDF objects out of 1000 (max. 8388607)
 0 named destinations out of 1000 (max. 500000)
 171 words of extra memory for PDF output out of 10000 (max. 10000000)

